new merge (0,4)(0,5)    	distance:(0, 1)
new merge (0,7)(0,6)    	distance:(0, 1)
new merge (0,10)(0,11)    	distance:(0, 1)
new merge (0,13)(0,12)    	distance:(0, 1)
new merge (0,14)(0,15)    	distance:(0, 1)
new merge (0,16)(0,17)    	distance:(0, 1)
new merge (0,6)(0,4)    	distance:(0, 2)
new merge (0,19)(0,18)    	distance:(0, 1)
new merge (0,20)(0,21)    	distance:(0, 1)
new merge (0,23)(0,22)    	distance:(0, 1)
new merge (0,25)(0,24)    	distance:(0, 1)
new merge (0,28)(0,29)    	distance:(0, 1)
new merge (0,26)(0,27)    	distance:(0, 1)
new merge (0,30)(0,31)    	distance:(0, 1)
new merge (0,34)(0,35)    	distance:(0, 1)
new merge (0,32)(0,33)    	distance:(0, 1)
new merge (0,37)(0,36)    	distance:(0, 1)
new merge (1,0)(1,1)    	distance:(0, 1)
new merge (0,14)(0,12)    	distance:(0, 2)
new merge (0,39)(0,38)    	distance:(0, 1)
new merge (0,18)(0,16)    	distance:(0, 2)
new merge (1,3)(1,2)    	distance:(0, 1)
new merge (1,4)(1,5)    	distance:(0, 1)
new merge (1,7)(1,6)    	distance:(0, 1)
new merge (1,9)(1,8)    	distance:(0, 1)
new merge (0,22)(0,20)    	distance:(0, 2)
new merge (1,11)(1,10)    	distance:(0, 1)
new merge (1,12)(1,13)    	distance:(0, 1)
new merge (0,26)(0,24)    	distance:(0, 2)
new merge (0,30)(0,28)    	distance:(0, 2)
new merge (1,15)(1,14)    	distance:(0, 1)
new merge (1,17)(1,16)    	distance:(0, 1)
new merge (1,18)(1,19)    	distance:(0, 1)
new merge (1,21)(1,20)    	distance:(0, 1)
new merge (1,22)(1,23)    	distance:(0, 1)
new merge (1,25)(1,24)    	distance:(0, 1)
new merge (0,32)(0,34)    	distance:(0, 2)
new merge (1,28)(1,29)    	distance:(0, 1)
new merge (1,27)(1,26)    	distance:(0, 1)
new merge (1,31)(1,30)    	distance:(0, 1)
new merge (1,33)(1,32)    	distance:(0, 1)
new merge (1,35)(1,34)    	distance:(0, 1)
new merge (1,36)(1,37)    	distance:(0, 1)
new merge (0,38)(0,36)    	distance:(0, 2)
new merge (2,1)(2,0)    	distance:(0, 1)
new merge (1,39)(1,38)    	distance:(0, 1)
new merge (2,2)(2,3)    	distance:(0, 1)
new merge (2,4)(2,5)    	distance:(0, 1)
new merge (2,7)(2,6)    	distance:(0, 1)
new merge (1,2)(1,0)    	distance:(0, 2)
new merge (2,9)(2,8)    	distance:(0, 1)
new merge (2,11)(2,10)    	distance:(0, 1)
new merge (1,6)(1,4)    	distance:(0, 2)
new merge (2,13)(2,12)    	distance:(0, 1)
new merge (2,15)(2,14)    	distance:(0, 1)
new merge (2,18)(2,19)    	distance:(0, 1)
new merge (2,17)(2,16)    	distance:(0, 1)
new merge (2,20)(2,21)    	distance:(0, 1)
new merge (0,20)(0,16)    	distance:(0, 4)
new merge (2,25)(2,24)    	distance:(0, 1)
new merge (1,10)(1,8)    	distance:(0, 2)
new merge (2,23)(2,22)    	distance:(0, 1)
new merge (2,28)(2,29)    	distance:(0, 1)
new merge (2,27)(2,26)    	distance:(0, 1)
new merge (2,30)(2,31)    	distance:(0, 1)
new merge (2,32)(2,33)    	distance:(0, 1)
new merge (2,34)(2,35)    	distance:(0, 1)
new merge (2,39)(2,38)    	distance:(0, 1)
new merge (3,0)(3,1)    	distance:(0, 1)
new merge (2,37)(2,36)    	distance:(0, 1)
new merge (3,2)(3,3)    	distance:(0, 1)
new merge (3,4)(3,5)    	distance:(0, 1)
new merge (0,28)(0,24)    	distance:(0, 4)
new merge (3,7)(3,6)    	distance:(0, 1)
new merge (3,9)(3,8)    	distance:(0, 1)
new merge (3,12)(3,13)    	distance:(0, 1)
new merge (3,10)(3,11)    	distance:(0, 1)
new merge (3,14)(3,15)    	distance:(0, 1)
new merge (3,17)(3,16)    	distance:(0, 1)
new merge (1,14)(1,12)    	distance:(0, 2)
new merge (1,20)(1,22)    	distance:(0, 2)
new merge (3,19)(3,18)    	distance:(0, 1)
new merge (1,16)(1,18)    	distance:(0, 2)
new merge (3,21)(3,20)    	distance:(0, 1)
new merge (3,23)(3,22)    	distance:(0, 1)
new merge (3,24)(3,25)    	distance:(0, 1)
new merge (3,28)(3,29)    	distance:(0, 1)
new merge (1,30)(1,28)    	distance:(0, 2)
new merge (3,27)(3,26)    	distance:(0, 1)
new merge (1,26)(1,24)    	distance:(0, 2)
new merge (3,31)(3,30)    	distance:(0, 1)
new merge (3,33)(3,32)    	distance:(0, 1)
new merge (3,35)(3,34)    	distance:(0, 1)
new merge (1,38)(1,36)    	distance:(0, 2)
new merge (0,36)(0,32)    	distance:(0, 4)
new merge (3,37)(3,36)    	distance:(0, 1)
new merge (1,34)(1,32)    	distance:(0, 2)
new merge (3,39)(3,38)    	distance:(0, 1)
new merge (2,2)(2,0)    	distance:(0, 2)
new merge (4,0)(4,1)    	distance:(0, 1)
new merge (4,3)(4,2)    	distance:(0, 1)
new merge (4,5)(4,4)    	distance:(0, 1)
new merge (4,7)(4,6)    	distance:(0, 1)
new merge (2,4)(2,6)    	distance:(0, 2)
new merge (4,8)(4,9)    	distance:(0, 1)
new merge (4,11)(4,10)    	distance:(0, 1)
new merge (4,13)(4,12)    	distance:(0, 1)
new merge (4,15)(4,14)    	distance:(0, 1)
new merge (4,17)(4,16)    	distance:(0, 1)
new merge (4,18)(4,19)    	distance:(0, 1)
new merge (4,21)(4,20)    	distance:(0, 1)
new merge (4,23)(4,22)    	distance:(0, 1)
new merge (2,10)(2,8)    	distance:(0, 2)
new merge (4,25)(4,24)    	distance:(0, 1)
new merge (4,27)(4,26)    	distance:(0, 1)
new merge (4,29)(4,28)    	distance:(0, 1)
new merge (4,31)(4,30)    	distance:(0, 1)
new merge (4,33)(4,32)    	distance:(0, 1)
new merge (2,12)(2,14)    	distance:(0, 2)
new merge (4,35)(4,34)    	distance:(0, 1)
new merge (2,18)(2,16)    	distance:(0, 2)
new merge (1,4)(1,0)    	distance:(0, 4)
new merge (4,37)(4,36)    	distance:(0, 1)
new merge (4,39)(4,38)    	distance:(0, 1)
new merge (5,1)(5,0)    	distance:(0, 1)
new merge (5,2)(5,3)    	distance:(0, 1)
new merge (5,7)(5,6)    	distance:(0, 1)
new merge (5,5)(5,4)    	distance:(0, 1)
new merge (5,9)(5,8)    	distance:(0, 1)
new merge (5,10)(5,11)    	distance:(0, 1)
new merge (5,13)(5,12)    	distance:(0, 1)
new merge (2,22)(2,20)    	distance:(0, 2)
new merge (2,30)(2,28)    	distance:(0, 2)
new merge (5,15)(5,14)    	distance:(0, 1)
new merge (5,17)(5,16)    	distance:(0, 1)
new merge (2,26)(2,24)    	distance:(0, 2)
new merge (2,34)(2,32)    	distance:(0, 2)
new merge (5,21)(5,20)    	distance:(0, 1)
new merge (5,19)(5,18)    	distance:(0, 1)
new merge (5,23)(5,22)    	distance:(0, 1)
new merge (5,24)(5,25)    	distance:(0, 1)
new merge (5,28)(5,29)    	distance:(0, 1)
new merge (5,26)(5,27)    	distance:(0, 1)
new merge (5,30)(5,31)    	distance:(0, 1)
new merge (5,32)(5,33)    	distance:(0, 1)
new merge (2,36)(2,38)    	distance:(0, 2)
new merge (5,35)(5,34)    	distance:(0, 1)
new merge (5,37)(5,36)    	distance:(0, 1)
new merge (3,2)(3,0)    	distance:(0, 2)
new merge (6,0)(6,1)    	distance:(0, 1)
new merge (5,39)(5,38)    	distance:(0, 1)
new merge (0,24)(0,16)    	distance:(0, 8)
new merge (6,4)(6,5)    	distance:(0, 1)
new merge (6,2)(6,3)    	distance:(0, 1)
new merge (3,6)(3,4)    	distance:(0, 2)
new merge (6,7)(6,6)    	distance:(0, 1)
new merge (3,10)(3,8)    	distance:(0, 2)
new merge (6,9)(6,8)    	distance:(0, 1)
new merge (3,14)(3,12)    	distance:(0, 2)
new merge (6,10)(6,11)    	distance:(0, 1)
new merge (1,12)(1,8)    	distance:(0, 4)
new merge (6,13)(6,12)    	distance:(0, 1)
new merge (3,18)(3,16)    	distance:(0, 2)
new merge (6,14)(6,15)    	distance:(0, 1)
new merge (6,17)(6,16)    	distance:(0, 1)
new merge (6,19)(6,18)    	distance:(0, 1)
new merge (1,16)(1,20)    	distance:(0, 4)
new merge (6,20)(6,21)    	distance:(0, 1)
new merge (3,20)(3,22)    	distance:(0, 2)
new merge (6,23)(6,22)    	distance:(0, 1)
new merge (6,25)(6,24)    	distance:(0, 1)
new merge (6,27)(6,26)    	distance:(0, 1)
new merge (3,26)(3,24)    	distance:(0, 2)
new merge (1,24)(1,28)    	distance:(0, 4)
new merge (6,29)(6,28)    	distance:(0, 1)
new merge (6,30)(6,31)    	distance:(0, 1)
new merge (3,30)(3,28)    	distance:(0, 2)
new merge (6,35)(6,34)    	distance:(0, 1)
new merge (6,33)(6,32)    	distance:(0, 1)
new merge (6,39)(6,38)    	distance:(0, 1)
new merge (6,37)(6,36)    	distance:(0, 1)
new merge (7,0)(7,1)    	distance:(0, 1)
new merge (7,3)(7,2)    	distance:(0, 1)
new merge (7,4)(7,5)    	distance:(0, 1)
new merge (3,34)(3,32)    	distance:(0, 2)
new merge (7,9)(7,8)    	distance:(0, 1)
new merge (7,11)(7,10)    	distance:(0, 1)
new merge (7,7)(7,6)    	distance:(0, 1)
new merge (7,12)(7,13)    	distance:(0, 1)
new merge (7,16)(7,17)    	distance:(0, 1)
new merge (7,15)(7,14)    	distance:(0, 1)
new merge (7,19)(7,18)    	distance:(0, 1)
new merge (3,38)(3,36)    	distance:(0, 2)
new merge (7,20)(7,21)    	distance:(0, 1)
new merge (7,23)(7,22)    	distance:(0, 1)
new merge (7,24)(7,25)    	distance:(0, 1)
new merge (1,32)(1,36)    	distance:(0, 4)
new merge (7,26)(7,27)    	distance:(0, 1)
new merge (7,29)(7,28)    	distance:(0, 1)
new merge (7,31)(7,30)    	distance:(0, 1)
new merge (7,33)(7,32)    	distance:(0, 1)
new merge (4,2)(4,0)    	distance:(0, 2)
new merge (7,35)(7,34)    	distance:(0, 1)
new merge (7,36)(7,37)    	distance:(0, 1)
new merge (4,4)(4,6)    	distance:(0, 2)
new merge (8,0)(8,1)    	distance:(0, 1)
new merge (8,3)(8,2)    	distance:(0, 1)
new merge (7,39)(7,38)    	distance:(0, 1)
new merge (2,4)(2,0)    	distance:(0, 4)
new merge (8,5)(8,4)    	distance:(0, 1)
new merge (8,7)(8,6)    	distance:(0, 1)
new merge (8,9)(8,8)    	distance:(0, 1)
new merge (8,10)(8,11)    	distance:(0, 1)
new merge (8,12)(8,13)    	distance:(0, 1)
new merge (4,8)(4,10)    	distance:(0, 2)
new merge (8,16)(8,17)    	distance:(0, 1)
new merge (8,15)(8,14)    	distance:(0, 1)
new merge (4,14)(4,12)    	distance:(0, 2)
new merge (8,19)(8,18)    	distance:(0, 1)
new merge (8,21)(8,20)    	distance:(0, 1)
new merge (8,23)(8,22)    	distance:(0, 1)
new merge (4,18)(4,16)    	distance:(0, 2)
new merge (8,25)(8,24)    	distance:(0, 1)
new merge (8,26)(8,27)    	distance:(0, 1)
new merge (4,20)(4,22)    	distance:(0, 2)
new merge (8,29)(8,28)    	distance:(0, 1)
new merge (4,24)(4,26)    	distance:(0, 2)
new merge (8,31)(8,30)    	distance:(0, 1)
new merge (8,32)(8,33)    	distance:(0, 1)
new merge (8,34)(8,35)    	distance:(0, 1)
new merge (8,37)(8,36)    	distance:(0, 1)
new merge (4,34)(4,32)    	distance:(0, 2)
new merge (4,28)(4,30)    	distance:(0, 2)
new merge (8,39)(8,38)    	distance:(0, 1)
new merge (9,0)(9,1)    	distance:(0, 1)
new merge (9,3)(9,2)    	distance:(0, 1)
new merge (9,5)(9,4)    	distance:(0, 1)
new merge (9,8)(9,9)    	distance:(0, 1)
new merge (2,12)(2,8)    	distance:(0, 4)
new merge (9,7)(9,6)    	distance:(0, 1)
new merge (9,11)(9,10)    	distance:(0, 1)
new merge (9,12)(9,13)    	distance:(0, 1)
new merge (9,15)(9,14)    	distance:(0, 1)
new merge (9,17)(9,16)    	distance:(0, 1)
new merge (9,19)(9,18)    	distance:(0, 1)
new merge (9,22)(9,23)    	distance:(0, 1)
new merge (9,21)(9,20)    	distance:(0, 1)
new merge (9,24)(9,25)    	distance:(0, 1)
new merge (4,38)(4,36)    	distance:(0, 2)
new merge (9,27)(9,26)    	distance:(0, 1)
new merge (9,29)(9,28)    	distance:(0, 1)
new merge (9,30)(9,31)    	distance:(0, 1)
new merge (9,33)(9,32)    	distance:(0, 1)
new merge (9,35)(9,34)    	distance:(0, 1)
new merge (9,37)(9,36)    	distance:(0, 1)
new merge (10,1)(10,0)    	distance:(0, 1)
new merge (9,39)(9,38)    	distance:(0, 1)
new merge (5,2)(5,0)    	distance:(0, 2)
new merge (5,4)(5,6)    	distance:(0, 2)
new merge (10,5)(10,4)    	distance:(0, 1)
new merge (10,3)(10,2)    	distance:(0, 1)
new merge (10,7)(10,6)    	distance:(0, 1)
new merge (10,9)(10,8)    	distance:(0, 1)
new merge (10,10)(10,11)    	distance:(0, 1)
new merge (10,12)(10,13)    	distance:(0, 1)
new merge (5,10)(5,8)    	distance:(0, 2)
new merge (10,15)(10,14)    	distance:(0, 1)
new merge (10,17)(10,16)    	distance:(0, 1)
new merge (10,19)(10,18)    	distance:(0, 1)
new merge (10,20)(10,21)    	distance:(0, 1)
new merge (10,22)(10,23)    	distance:(0, 1)
new merge (5,14)(5,12)    	distance:(0, 2)
new merge (10,25)(10,24)    	distance:(0, 1)
new merge (10,27)(10,26)    	distance:(0, 1)
new merge (10,29)(10,28)    	distance:(0, 1)
new merge (2,20)(2,16)    	distance:(0, 4)
new merge (10,31)(10,30)    	distance:(0, 1)
new merge (10,34)(10,35)    	distance:(0, 1)
new merge (10,33)(10,32)    	distance:(0, 1)
new merge (2,24)(2,28)    	distance:(0, 4)
new merge (10,37)(10,36)    	distance:(0, 1)
new merge (10,39)(10,38)    	distance:(0, 1)
new merge (11,1)(11,0)    	distance:(0, 1)
new merge (11,3)(11,2)    	distance:(0, 1)
new merge (5,18)(5,16)    	distance:(0, 2)
new merge (11,5)(11,4)    	distance:(0, 1)
new merge (11,7)(11,6)    	distance:(0, 1)
new merge (11,10)(11,11)    	distance:(0, 1)
new merge (5,22)(5,20)    	distance:(0, 2)
new merge (11,8)(11,9)    	distance:(0, 1)
new merge (11,13)(11,12)    	distance:(0, 1)
new merge (11,15)(11,14)    	distance:(0, 1)
new merge (2,36)(2,32)    	distance:(0, 4)
new merge (5,30)(5,28)    	distance:(0, 2)
new merge (11,19)(11,18)    	distance:(0, 1)
new merge (11,17)(11,16)    	distance:(0, 1)
new merge (5,26)(5,24)    	distance:(0, 2)
new merge (5,34)(5,32)    	distance:(0, 2)
new merge (11,20)(11,21)    	distance:(0, 1)
new merge (11,23)(11,22)    	distance:(0, 1)
new merge (11,24)(11,25)    	distance:(0, 1)
new merge (11,27)(11,26)    	distance:(0, 1)
new merge (11,31)(11,30)    	distance:(0, 1)
new merge (11,29)(11,28)    	distance:(0, 1)
new merge (11,33)(11,32)    	distance:(0, 1)
new merge (5,38)(5,36)    	distance:(0, 2)
new merge (11,34)(11,35)    	distance:(0, 1)
new merge (11,37)(11,36)    	distance:(0, 1)
new merge (11,38)(11,39)    	distance:(0, 1)
new merge (12,0)(12,1)    	distance:(0, 1)
new merge (12,2)(12,3)    	distance:(0, 1)
new merge (12,4)(12,5)    	distance:(0, 1)
new merge (12,7)(12,6)    	distance:(0, 1)
new merge (6,2)(6,0)    	distance:(0, 2)
new merge (12,9)(12,8)    	distance:(0, 1)
new merge (12,11)(12,10)    	distance:(0, 1)
new merge (3,4)(3,0)    	distance:(0, 4)
new merge (12,13)(12,12)    	distance:(0, 1)
new merge (12,15)(12,14)    	distance:(0, 1)
new merge (12,16)(12,17)    	distance:(0, 1)
new merge (12,19)(12,18)    	distance:(0, 1)
new merge (12,21)(12,20)    	distance:(0, 1)
new merge (6,6)(6,4)    	distance:(0, 2)
new merge (12,23)(12,22)    	distance:(0, 1)
new merge (12,25)(12,24)    	distance:(0, 1)
new merge (12,27)(12,26)    	distance:(0, 1)
new merge (12,29)(12,28)    	distance:(0, 1)
new merge (12,30)(12,31)    	distance:(0, 1)
new merge (12,33)(12,32)    	distance:(0, 1)
new merge (12,35)(12,34)    	distance:(0, 1)
new merge (12,37)(12,36)    	distance:(0, 1)
new merge (12,38)(12,39)    	distance:(0, 1)
new merge (6,10)(6,8)    	distance:(0, 2)
new merge (3,12)(3,8)    	distance:(0, 4)
new merge (13,0)(13,1)    	distance:(0, 1)
new merge (13,2)(13,3)    	distance:(0, 1)
new merge (13,5)(13,4)    	distance:(0, 1)
new merge (13,6)(13,7)    	distance:(0, 1)
new merge (13,9)(13,8)    	distance:(0, 1)
new merge (13,10)(13,11)    	distance:(0, 1)
new merge (13,13)(13,12)    	distance:(0, 1)
new merge (1,8)(1,0)    	distance:(0, 8)
new merge (6,14)(6,12)    	distance:(0, 2)
new merge (13,15)(13,14)    	distance:(0, 1)
new merge (13,19)(13,18)    	distance:(0, 1)
new merge (13,17)(13,16)    	distance:(0, 1)
new merge (6,18)(6,16)    	distance:(0, 2)
new merge (13,20)(13,21)    	distance:(0, 1)
new merge (13,23)(13,22)    	distance:(0, 1)
new merge (13,25)(13,24)    	distance:(0, 1)
new merge (3,20)(3,16)    	distance:(0, 4)
new merge (6,22)(6,20)    	distance:(0, 2)
new merge (13,27)(13,26)    	distance:(0, 1)
new merge (13,29)(13,28)    	distance:(0, 1)
new merge (13,30)(13,31)    	distance:(0, 1)
new merge (13,33)(13,32)    	distance:(0, 1)
new merge (13,34)(13,35)    	distance:(0, 1)
new merge (6,26)(6,24)    	distance:(0, 2)
new merge (13,37)(13,36)    	distance:(0, 1)
new merge (13,39)(13,38)    	distance:(0, 1)
new merge (6,30)(6,28)    	distance:(0, 2)
new merge (3,28)(3,24)    	distance:(0, 4)
new merge (14,1)(14,0)    	distance:(0, 1)
new merge (14,3)(14,2)    	distance:(0, 1)
new merge (1,24)(1,16)    	distance:(0, 8)
new merge (14,5)(14,4)    	distance:(0, 1)
new merge (14,7)(14,6)    	distance:(0, 1)
new merge (14,9)(14,8)    	distance:(0, 1)
new merge (6,34)(6,32)    	distance:(0, 2)
new merge (14,11)(14,10)    	distance:(0, 1)
new merge (6,36)(6,38)    	distance:(0, 2)
new merge (14,12)(14,13)    	distance:(0, 1)
new merge (14,15)(14,14)    	distance:(0, 1)
new merge (14,16)(14,17)    	distance:(0, 1)
new merge (14,19)(14,18)    	distance:(0, 1)
new merge (14,21)(14,20)    	distance:(0, 1)
new merge (7,2)(7,0)    	distance:(0, 2)
new merge (14,23)(14,22)    	distance:(0, 1)
new merge (14,24)(14,25)    	distance:(0, 1)
new merge (14,27)(14,26)    	distance:(0, 1)
new merge (14,29)(14,28)    	distance:(0, 1)
new merge (14,31)(14,30)    	distance:(0, 1)
new merge (14,32)(14,33)    	distance:(0, 1)
new merge (14,35)(14,34)    	distance:(0, 1)
new merge (7,10)(7,8)    	distance:(0, 2)
new merge (14,36)(14,37)    	distance:(0, 1)
new merge (14,39)(14,38)    	distance:(0, 1)
new merge (15,1)(15,0)    	distance:(0, 1)
new merge (7,6)(7,4)    	distance:(0, 2)
new merge (7,16)(7,18)    	distance:(0, 2)
new merge (15,3)(15,2)    	distance:(0, 1)
new merge (15,5)(15,4)    	distance:(0, 1)
new merge (3,36)(3,32)    	distance:(0, 4)
new merge (15,7)(15,6)    	distance:(0, 1)
new merge (7,14)(7,12)    	distance:(0, 2)
new merge (15,8)(15,9)    	distance:(0, 1)
new merge (15,11)(15,10)    	distance:(0, 1)
new merge (7,22)(7,20)    	distance:(0, 2)
new merge (15,12)(15,13)    	distance:(0, 1)
new merge (15,15)(15,14)    	distance:(0, 1)
new merge (7,24)(7,26)    	distance:(0, 2)
new merge (15,17)(15,16)    	distance:(0, 1)
new merge (7,30)(7,28)    	distance:(0, 2)
new merge (15,18)(15,19)    	distance:(0, 1)
new merge (15,21)(15,20)    	distance:(0, 1)
new merge (15,23)(15,22)    	distance:(0, 1)
new merge (15,25)(15,24)    	distance:(0, 1)
new merge (15,27)(15,26)    	distance:(0, 1)
new merge (15,31)(15,30)    	distance:(0, 1)
new merge (15,28)(15,29)    	distance:(0, 1)
new merge (15,32)(15,33)    	distance:(0, 1)
new merge (15,37)(15,36)    	distance:(0, 1)
new merge (15,35)(15,34)    	distance:(0, 1)
new merge (15,38)(15,39)    	distance:(0, 1)
new merge (7,34)(7,32)    	distance:(0, 2)
new merge (8,2)(8,0)    	distance:(0, 2)
new merge (16,1)(16,0)    	distance:(0, 1)
new merge (16,3)(16,2)    	distance:(0, 1)
new merge (16,4)(16,5)    	distance:(0, 1)
new merge (7,38)(7,36)    	distance:(0, 2)
new merge (16,7)(16,6)    	distance:(0, 1)
new merge (4,4)(4,0)    	distance:(0, 4)
new merge (16,9)(16,8)    	distance:(0, 1)
new merge (16,11)(16,10)    	distance:(0, 1)
new merge (16,15)(16,14)    	distance:(0, 1)
new merge (16,13)(16,12)    	distance:(0, 1)
new merge (16,17)(16,16)    	distance:(0, 1)
new merge (16,19)(16,18)    	distance:(0, 1)
new merge (8,6)(8,4)    	distance:(0, 2)
new merge (16,21)(16,20)    	distance:(0, 1)
new merge (16,23)(16,22)    	distance:(0, 1)
new merge (8,8)(8,10)    	distance:(0, 2)
new merge (16,25)(16,24)    	distance:(0, 1)
new merge (8,14)(8,12)    	distance:(0, 2)
new merge (16,27)(16,26)    	distance:(0, 1)
new merge (8,18)(8,16)    	distance:(0, 2)
new merge (16,29)(16,28)    	distance:(0, 1)
new merge (8,22)(8,20)    	distance:(0, 2)
new merge (16,31)(16,30)    	distance:(0, 1)
new merge (16,33)(16,32)    	distance:(0, 1)
new merge (16,35)(16,34)    	distance:(0, 1)
new merge (4,12)(4,8)    	distance:(0, 4)
new merge (16,37)(16,36)    	distance:(0, 1)
new merge (16,39)(16,38)    	distance:(0, 1)
new merge (17,1)(17,0)    	distance:(0, 1)
new merge (17,2)(17,3)    	distance:(0, 1)
new merge (8,26)(8,24)    	distance:(0, 2)
new merge (4,20)(4,16)    	distance:(0, 4)
new merge (17,5)(17,4)    	distance:(0, 1)
new merge (17,7)(17,6)    	distance:(0, 1)
new merge (17,9)(17,8)    	distance:(0, 1)
new merge (17,11)(17,10)    	distance:(0, 1)
new merge (17,13)(17,12)    	distance:(0, 1)
new merge (17,15)(17,14)    	distance:(0, 1)
new merge (17,16)(17,17)    	distance:(0, 1)
new merge (17,19)(17,18)    	distance:(0, 1)
new merge (17,20)(17,21)    	distance:(0, 1)
new merge (8,30)(8,28)    	distance:(0, 2)
new merge (17,22)(17,23)    	distance:(0, 1)
new merge (17,25)(17,24)    	distance:(0, 1)
new merge (17,27)(17,26)    	distance:(0, 1)
new merge (8,34)(8,32)    	distance:(0, 2)
new merge (17,29)(17,28)    	distance:(0, 1)
new merge (17,31)(17,30)    	distance:(0, 1)
new merge (8,36)(8,38)    	distance:(0, 2)
new merge (9,2)(9,0)    	distance:(0, 2)
new merge (17,33)(17,32)    	distance:(0, 1)
new merge (4,28)(4,24)    	distance:(0, 4)
new merge (17,35)(17,34)    	distance:(0, 1)
new merge (17,37)(17,36)    	distance:(0, 1)
new merge (9,6)(9,4)    	distance:(0, 2)
new merge (2,8)(2,0)    	distance:(0, 8)
new merge (17,39)(17,38)    	distance:(0, 1)
new merge (18,2)(18,3)    	distance:(0, 1)
new merge (18,0)(18,1)    	distance:(0, 1)
new merge (9,10)(9,8)    	distance:(0, 2)
new merge (18,5)(18,4)    	distance:(0, 1)
new merge (18,7)(18,6)    	distance:(0, 1)
new merge (18,9)(18,8)    	distance:(0, 1)
new merge (9,14)(9,12)    	distance:(0, 2)
new merge (18,12)(18,13)    	distance:(0, 1)
new merge (18,10)(18,11)    	distance:(0, 1)
new merge (18,16)(18,17)    	distance:(0, 1)
new merge (18,14)(18,15)    	distance:(0, 1)
new merge (18,18)(18,19)    	distance:(0, 1)
new merge (18,21)(18,20)    	distance:(0, 1)
new merge (18,23)(18,22)    	distance:(0, 1)
new merge (18,27)(18,26)    	distance:(0, 1)
new merge (18,24)(18,25)    	distance:(0, 1)
new merge (9,18)(9,16)    	distance:(0, 2)
new merge (18,29)(18,28)    	distance:(0, 1)
new merge (18,31)(18,30)    	distance:(0, 1)
new merge (18,33)(18,32)    	distance:(0, 1)
new merge (18,35)(18,34)    	distance:(0, 1)
new merge (18,37)(18,36)    	distance:(0, 1)
new merge (9,20)(9,22)    	distance:(0, 2)
new merge (19,1)(19,0)    	distance:(0, 1)
new merge (18,39)(18,38)    	distance:(0, 1)
new merge (4,36)(4,32)    	distance:(0, 4)
new merge (19,3)(19,2)    	distance:(0, 1)
new merge (19,4)(19,5)    	distance:(0, 1)
new merge (19,7)(19,6)    	distance:(0, 1)
new merge (19,8)(19,9)    	distance:(0, 1)
new merge (9,30)(9,28)    	distance:(0, 2)
new merge (19,12)(19,13)    	distance:(0, 1)
new merge (19,11)(19,10)    	distance:(0, 1)
new merge (9,26)(9,24)    	distance:(0, 2)
new merge (19,15)(19,14)    	distance:(0, 1)
new merge (9,34)(9,32)    	distance:(0, 2)
new merge (19,19)(19,18)    	distance:(0, 1)
new merge (19,17)(19,16)    	distance:(0, 1)
new merge (19,21)(19,20)    	distance:(0, 1)
new merge (9,38)(9,36)    	distance:(0, 2)
new merge (19,22)(19,23)    	distance:(0, 1)
new merge (19,25)(19,24)    	distance:(0, 1)
new merge (19,27)(19,26)    	distance:(0, 1)
new merge (5,4)(5,0)    	distance:(0, 4)
new merge (19,29)(19,28)    	distance:(0, 1)
new merge (10,2)(10,0)    	distance:(0, 2)
new merge (19,31)(19,30)    	distance:(0, 1)
new merge (10,6)(10,4)    	distance:(0, 2)
new merge (19,33)(19,32)    	distance:(0, 1)
new merge (19,34)(19,35)    	distance:(0, 1)
new merge (19,37)(19,36)    	distance:(0, 1)
new merge (10,14)(10,12)    	distance:(0, 2)
new merge (20,1)(20,0)    	distance:(0, 1)
new merge (19,39)(19,38)    	distance:(0, 1)
new merge (20,3)(20,2)    	distance:(0, 1)
new merge (10,10)(10,8)    	distance:(0, 2)
new merge (20,5)(20,4)    	distance:(0, 1)
new merge (20,7)(20,6)    	distance:(0, 1)
new merge (20,9)(20,8)    	distance:(0, 1)
new merge (10,18)(10,16)    	distance:(0, 2)
new merge (20,10)(20,11)    	distance:(0, 1)
new merge (10,20)(10,22)    	distance:(0, 2)
new merge (20,13)(20,12)    	distance:(0, 1)
new merge (20,14)(20,15)    	distance:(0, 1)
new merge (20,17)(20,16)    	distance:(0, 1)
new merge (5,12)(5,8)    	distance:(0, 4)
new merge (10,26)(10,24)    	distance:(0, 2)
new merge (20,19)(20,18)    	distance:(0, 1)
new merge (10,32)(10,34)    	distance:(0, 2)
new merge (20,21)(20,20)    	distance:(0, 1)
new merge (10,30)(10,28)    	distance:(0, 2)
new merge (20,23)(20,22)    	distance:(0, 1)
new merge (10,36)(10,38)    	distance:(0, 2)
new merge (20,25)(20,24)    	distance:(0, 1)
new merge (20,26)(20,27)    	distance:(0, 1)
new merge (20,28)(20,29)    	distance:(0, 1)
new merge (2,16)(2,24)    	distance:(0, 8)
new merge (20,31)(20,30)    	distance:(0, 1)
new merge (11,2)(11,0)    	distance:(0, 2)
new merge (20,34)(20,35)    	distance:(0, 1)
new merge (20,33)(20,32)    	distance:(0, 1)
new merge (20,37)(20,36)    	distance:(0, 1)
new merge (20,39)(20,38)    	distance:(0, 1)
new merge (21,1)(21,0)    	distance:(0, 1)
new merge (21,3)(21,2)    	distance:(0, 1)
new merge (21,4)(21,5)    	distance:(0, 1)
new merge (11,4)(11,6)    	distance:(0, 2)
new merge (21,7)(21,6)    	distance:(0, 1)
new merge (5,20)(5,16)    	distance:(0, 4)
new merge (11,10)(11,8)    	distance:(0, 2)
new merge (21,9)(21,8)    	distance:(0, 1)
new merge (21,11)(21,10)    	distance:(0, 1)
new merge (11,12)(11,14)    	distance:(0, 2)
new merge (21,13)(21,12)    	distance:(0, 1)
new merge (21,15)(21,14)    	distance:(0, 1)
new merge (21,17)(21,16)    	distance:(0, 1)
new merge (21,19)(21,18)    	distance:(0, 1)
new merge (21,21)(21,20)    	distance:(0, 1)
new merge (11,16)(11,18)    	distance:(0, 2)
new merge (21,22)(21,23)    	distance:(0, 1)
new merge (21,25)(21,24)    	distance:(0, 1)
new merge (21,27)(21,26)    	distance:(0, 1)
new merge (21,28)(21,29)    	distance:(0, 1)
new merge (5,24)(5,28)    	distance:(0, 4)
new merge (21,30)(21,31)    	distance:(0, 1)
new merge (21,33)(21,32)    	distance:(0, 1)
new merge (21,35)(21,34)    	distance:(0, 1)
new merge (21,36)(21,37)    	distance:(0, 1)
new merge (11,20)(11,22)    	distance:(0, 2)
new merge (21,39)(21,38)    	distance:(0, 1)
new merge (22,1)(22,0)    	distance:(0, 1)
new merge (22,2)(22,3)    	distance:(0, 1)
new merge (11,24)(11,26)    	distance:(0, 2)
new merge (11,30)(11,28)    	distance:(0, 2)
new merge (5,36)(5,32)    	distance:(0, 4)
new merge (22,5)(22,4)    	distance:(0, 1)
new merge (22,7)(22,6)    	distance:(0, 1)
new merge (11,32)(11,34)    	distance:(0, 2)
new merge (22,8)(22,9)    	distance:(0, 1)
new merge (11,38)(11,36)    	distance:(0, 2)
new merge (22,11)(22,10)    	distance:(0, 1)
new merge (22,13)(22,12)    	distance:(0, 1)
new merge (22,14)(22,15)    	distance:(0, 1)
new merge (22,16)(22,17)    	distance:(0, 1)
new merge (22,18)(22,19)    	distance:(0, 1)
new merge (22,23)(22,22)    	distance:(0, 1)
new merge (22,20)(22,21)    	distance:(0, 1)
new merge (12,2)(12,0)    	distance:(0, 2)
new merge (22,25)(22,24)    	distance:(0, 1)
new merge (22,27)(22,26)    	distance:(0, 1)
new merge (12,6)(12,4)    	distance:(0, 2)
new merge (22,29)(22,28)    	distance:(0, 1)
new merge (22,30)(22,31)    	distance:(0, 1)
new merge (12,10)(12,8)    	distance:(0, 2)
new merge (22,33)(22,32)    	distance:(0, 1)
new merge (22,34)(22,35)    	distance:(0, 1)
new merge (22,36)(22,37)    	distance:(0, 1)
new merge (22,39)(22,38)    	distance:(0, 1)
new merge (23,1)(23,0)    	distance:(0, 1)
new merge (23,3)(23,2)    	distance:(0, 1)
new merge (23,5)(23,4)    	distance:(0, 1)
new merge (12,12)(12,14)    	distance:(0, 2)
new merge (23,6)(23,7)    	distance:(0, 1)
new merge (23,9)(23,8)    	distance:(0, 1)
new merge (23,11)(23,10)    	distance:(0, 1)
new merge (12,18)(12,16)    	distance:(0, 2)
new merge (23,12)(23,13)    	distance:(0, 1)
new merge (23,15)(23,14)    	distance:(0, 1)
new merge (23,17)(23,16)    	distance:(0, 1)
new merge (23,21)(23,20)    	distance:(0, 1)
new merge (23,18)(23,19)    	distance:(0, 1)
new merge (23,23)(23,22)    	distance:(0, 1)
new merge (23,25)(23,24)    	distance:(0, 1)
new merge (23,26)(23,27)    	distance:(0, 1)
new merge (23,29)(23,28)    	distance:(0, 1)
new merge (23,31)(23,30)    	distance:(0, 1)
new merge (12,20)(12,22)    	distance:(0, 2)
new merge (23,32)(23,33)    	distance:(0, 1)
new merge (23,37)(23,36)    	distance:(0, 1)
new merge (23,35)(23,34)    	distance:(0, 1)
new merge (23,38)(23,39)    	distance:(0, 1)
new merge (24,1)(24,0)    	distance:(0, 1)
new merge (12,24)(12,26)    	distance:(0, 2)
new merge (24,3)(24,2)    	distance:(0, 1)
new merge (24,5)(24,4)    	distance:(0, 1)
new merge (12,30)(12,28)    	distance:(0, 2)
new merge (24,6)(24,7)    	distance:(0, 1)
new merge (24,8)(24,9)    	distance:(0, 1)
new merge (24,11)(24,10)    	distance:(0, 1)
new merge (24,13)(24,12)    	distance:(0, 1)
new merge (6,4)(6,0)    	distance:(0, 4)
new merge (24,15)(24,14)    	distance:(0, 1)
new merge (24,17)(24,16)    	distance:(0, 1)
new merge (12,34)(12,32)    	distance:(0, 2)
new merge (12,38)(12,36)    	distance:(0, 2)
new merge (24,19)(24,18)    	distance:(0, 1)
new merge (24,20)(24,21)    	distance:(0, 1)
new merge (24,25)(24,24)    	distance:(0, 1)
new merge (24,26)(24,27)    	distance:(0, 1)
new merge (24,23)(24,22)    	distance:(0, 1)
new merge (24,28)(24,29)    	distance:(0, 1)
new merge (13,0)(13,2)    	distance:(0, 2)
new merge (24,31)(24,30)    	distance:(0, 1)
new merge (24,33)(24,32)    	distance:(0, 1)
new merge (24,36)(24,37)    	distance:(0, 1)
new merge (3,8)(3,0)    	distance:(0, 8)
new merge (24,38)(24,39)    	distance:(0, 1)
new merge (24,35)(24,34)    	distance:(0, 1)
new merge (25,0)(25,1)    	distance:(0, 1)
new merge (25,4)(25,5)    	distance:(0, 1)
new merge (25,3)(25,2)    	distance:(0, 1)
new merge (25,7)(25,6)    	distance:(0, 1)
new merge (13,6)(13,4)    	distance:(0, 2)
new merge (25,10)(25,11)    	distance:(0, 1)
new merge (25,9)(25,8)    	distance:(0, 1)
new merge (25,13)(25,12)    	distance:(0, 1)
new merge (13,10)(13,8)    	distance:(0, 2)
new merge (25,15)(25,14)    	distance:(0, 1)
new merge (25,16)(25,17)    	distance:(0, 1)
new merge (25,19)(25,18)    	distance:(0, 1)
new merge (25,21)(25,20)    	distance:(0, 1)
new merge (25,23)(25,22)    	distance:(0, 1)
new merge (25,25)(25,24)    	distance:(0, 1)
new merge (25,27)(25,26)    	distance:(0, 1)
new merge (25,28)(25,29)    	distance:(0, 1)
new merge (25,31)(25,30)    	distance:(0, 1)
new merge (25,33)(25,32)    	distance:(0, 1)
new merge (25,35)(25,34)    	distance:(0, 1)
new merge (25,36)(25,37)    	distance:(0, 1)
new merge (13,14)(13,12)    	distance:(0, 2)
new merge (25,38)(25,39)    	distance:(0, 1)
new merge (26,1)(26,0)    	distance:(0, 1)
new merge (6,12)(6,8)    	distance:(0, 4)
new merge (26,3)(26,2)    	distance:(0, 1)
new merge (13,18)(13,16)    	distance:(0, 2)
new merge (26,5)(26,4)    	distance:(0, 1)
new merge (26,7)(26,6)    	distance:(0, 1)
new merge (26,9)(26,8)    	distance:(0, 1)
new merge (26,11)(26,10)    	distance:(0, 1)
new merge (26,12)(26,13)    	distance:(0, 1)
new merge (13,22)(13,20)    	distance:(0, 2)
new merge (26,15)(26,14)    	distance:(0, 1)
new merge (26,18)(26,19)    	distance:(0, 1)
new merge (26,17)(26,16)    	distance:(0, 1)
new merge (26,20)(26,21)    	distance:(0, 1)
new merge (26,23)(26,22)    	distance:(0, 1)
new merge (13,26)(13,24)    	distance:(0, 2)
new merge (26,25)(26,24)    	distance:(0, 1)
new merge (26,27)(26,26)    	distance:(0, 1)
new merge (26,28)(26,29)    	distance:(0, 1)
new merge (6,20)(6,16)    	distance:(0, 4)
new merge (26,31)(26,30)    	distance:(0, 1)
new merge (13,34)(13,32)    	distance:(0, 2)
new merge (26,34)(26,35)    	distance:(0, 1)
new merge (13,30)(13,28)    	distance:(0, 2)
new merge (26,33)(26,32)    	distance:(0, 1)
new merge (26,37)(26,36)    	distance:(0, 1)
new merge (26,39)(26,38)    	distance:(0, 1)
new merge (27,0)(27,1)    	distance:(0, 1)
new merge (27,3)(27,2)    	distance:(0, 1)
new merge (27,4)(27,5)    	distance:(0, 1)
new merge (27,7)(27,6)    	distance:(0, 1)
new merge (27,9)(27,8)    	distance:(0, 1)
new merge (13,38)(13,36)    	distance:(0, 2)
new merge (27,11)(27,10)    	distance:(0, 1)
new merge (14,0)(14,2)    	distance:(0, 2)
new merge (27,13)(27,12)    	distance:(0, 1)
new merge (27,15)(27,14)    	distance:(0, 1)
new merge (6,24)(6,28)    	distance:(0, 4)
new merge (27,16)(27,17)    	distance:(0, 1)
new merge (27,20)(27,21)    	distance:(0, 1)
new merge (27,19)(27,18)    	distance:(0, 1)
new merge (27,23)(27,22)    	distance:(0, 1)
new merge (27,25)(27,24)    	distance:(0, 1)
new merge (27,27)(27,26)    	distance:(0, 1)
new merge (14,4)(14,6)    	distance:(0, 2)
new merge (3,24)(3,16)    	distance:(0, 8)
new merge (14,8)(14,10)    	distance:(0, 2)
new merge (27,29)(27,28)    	distance:(0, 1)
new merge (27,31)(27,30)    	distance:(0, 1)
new merge (27,33)(27,32)    	distance:(0, 1)
new merge (6,32)(6,36)    	distance:(0, 4)
new merge (27,35)(27,34)    	distance:(0, 1)
new merge (1,16)(1,0)    	distance:(0, 16)
new merge (27,36)(27,37)    	distance:(0, 1)
new merge (14,14)(14,12)    	distance:(0, 2)
new merge (27,39)(27,38)    	distance:(0, 1)
new merge (28,0)(28,1)    	distance:(0, 1)
new merge (28,7)(28,6)    	distance:(0, 1)
new merge (28,3)(28,2)    	distance:(0, 1)
new merge (28,5)(28,4)    	distance:(0, 1)
new merge (28,8)(28,9)    	distance:(0, 1)
new merge (28,10)(28,11)    	distance:(0, 1)
new merge (28,13)(28,12)    	distance:(0, 1)
new merge (14,16)(14,18)    	distance:(0, 2)
new merge (28,16)(28,17)    	distance:(0, 1)
new merge (28,15)(28,14)    	distance:(0, 1)
new merge (28,20)(28,21)    	distance:(0, 1)
new merge (28,19)(28,18)    	distance:(0, 1)
new merge (28,23)(28,22)    	distance:(0, 1)
new merge (28,25)(28,24)    	distance:(0, 1)
new merge (14,24)(14,26)    	distance:(0, 2)
new merge (14,30)(14,28)    	distance:(0, 2)
new merge (28,27)(28,26)    	distance:(0, 1)
new merge (28,31)(28,30)    	distance:(0, 1)
new merge (28,29)(28,28)    	distance:(0, 1)
new merge (14,22)(14,20)    	distance:(0, 2)
new merge (28,33)(28,32)    	distance:(0, 1)
new merge (28,34)(28,35)    	distance:(0, 1)
new merge (14,34)(14,32)    	distance:(0, 2)
new merge (28,37)(28,36)    	distance:(0, 1)
new merge (28,38)(28,39)    	distance:(0, 1)
new merge (29,3)(29,2)    	distance:(0, 1)
new merge (29,1)(29,0)    	distance:(0, 1)
new merge (14,38)(14,36)    	distance:(0, 2)
new merge (29,5)(29,4)    	distance:(0, 1)
new merge (29,7)(29,6)    	distance:(0, 1)
new merge (29,13)(29,12)    	distance:(0, 1)
new merge (29,15)(29,14)    	distance:(0, 1)
new merge (29,9)(29,8)    	distance:(0, 1)
new merge (29,10)(29,11)    	distance:(0, 1)
new merge (29,17)(29,16)    	distance:(0, 1)
new merge (29,19)(29,18)    	distance:(0, 1)
new merge (29,22)(29,23)    	distance:(0, 1)
new merge (29,21)(29,20)    	distance:(0, 1)
new merge (29,27)(29,26)    	distance:(0, 1)
new merge (29,25)(29,24)    	distance:(0, 1)
new merge (29,28)(29,29)    	distance:(0, 1)
new merge (29,31)(29,30)    	distance:(0, 1)
new merge (29,32)(29,33)    	distance:(0, 1)
new merge (29,34)(29,35)    	distance:(0, 1)
new merge (7,4)(7,0)    	distance:(0, 4)
new merge (29,38)(29,39)    	distance:(0, 1)
new merge (29,37)(29,36)    	distance:(0, 1)
new merge (30,5)(30,4)    	distance:(0, 1)
new merge (30,1)(30,0)    	distance:(0, 1)
new merge (30,3)(30,2)    	distance:(0, 1)
new merge (30,7)(30,6)    	distance:(0, 1)
new merge (30,8)(30,9)    	distance:(0, 1)
new merge (30,10)(30,11)    	distance:(0, 1)
new merge (30,12)(30,13)    	distance:(0, 1)
new merge (30,15)(30,14)    	distance:(0, 1)
new merge (15,2)(15,0)    	distance:(0, 2)
new merge (30,17)(30,16)    	distance:(0, 1)
new merge (15,4)(15,6)    	distance:(0, 2)
new merge (30,19)(30,18)    	distance:(0, 1)
new merge (30,21)(30,20)    	distance:(0, 1)
new merge (30,23)(30,22)    	distance:(0, 1)
new merge (15,10)(15,8)    	distance:(0, 2)
new merge (30,25)(30,24)    	distance:(0, 1)
new merge (7,12)(7,8)    	distance:(0, 4)
new merge (30,27)(30,26)    	distance:(0, 1)
new merge (7,20)(7,16)    	distance:(0, 4)
new merge (30,29)(30,28)    	distance:(0, 1)
new merge (15,14)(15,12)    	distance:(0, 2)
new merge (30,31)(30,30)    	distance:(0, 1)
new merge (30,32)(30,33)    	distance:(0, 1)
new merge (30,35)(30,34)    	distance:(0, 1)
new merge (30,36)(30,37)    	distance:(0, 1)
new merge (30,39)(30,38)    	distance:(0, 1)
new merge (31,1)(31,0)    	distance:(0, 1)
new merge (31,3)(31,2)    	distance:(0, 1)
new merge (31,5)(31,4)    	distance:(0, 1)
new merge (15,18)(15,16)    	distance:(0, 2)
new merge (31,8)(31,9)    	distance:(0, 1)
new merge (31,7)(31,6)    	distance:(0, 1)
new merge (31,11)(31,10)    	distance:(0, 1)
new merge (31,12)(31,13)    	distance:(0, 1)
new merge (31,16)(31,17)    	distance:(0, 1)
new merge (31,14)(31,15)    	distance:(0, 1)
new merge (31,18)(31,19)    	distance:(0, 1)
new merge (7,24)(7,28)    	distance:(0, 4)
new merge (31,21)(31,20)    	distance:(0, 1)
new merge (31,22)(31,23)    	distance:(0, 1)
new merge (31,25)(31,24)    	distance:(0, 1)
new merge (31,26)(31,27)    	distance:(0, 1)
new merge (31,28)(31,29)    	distance:(0, 1)
new merge (15,22)(15,20)    	distance:(0, 2)
new merge (31,31)(31,30)    	distance:(0, 1)
new merge (31,33)(31,32)    	distance:(0, 1)
new merge (31,35)(31,34)    	distance:(0, 1)
new merge (15,26)(15,24)    	distance:(0, 2)
new merge (31,37)(31,36)    	distance:(0, 1)
new merge (31,38)(31,39)    	distance:(0, 1)
new merge (32,0)(32,1)    	distance:(0, 1)
new merge (32,5)(32,4)    	distance:(0, 1)
new merge (32,3)(32,2)    	distance:(0, 1)
new merge (15,30)(15,28)    	distance:(0, 2)
new merge (32,6)(32,7)    	distance:(0, 1)
new merge (15,38)(15,36)    	distance:(0, 2)
new merge (32,8)(32,9)    	distance:(0, 1)
new merge (32,10)(32,11)    	distance:(0, 1)
new merge (15,32)(15,34)    	distance:(0, 2)
new merge (32,13)(32,12)    	distance:(0, 1)
new merge (32,15)(32,14)    	distance:(0, 1)
new merge (32,17)(32,16)    	distance:(0, 1)
new merge (32,19)(32,18)    	distance:(0, 1)
new merge (16,2)(16,0)    	distance:(0, 2)
new merge (32,21)(32,20)    	distance:(0, 1)
new merge (32,23)(32,22)    	distance:(0, 1)
new merge (32,24)(32,25)    	distance:(0, 1)
new merge (7,36)(7,32)    	distance:(0, 4)
new merge (32,27)(32,26)    	distance:(0, 1)
new merge (32,31)(32,30)    	distance:(0, 1)
new merge (32,28)(32,29)    	distance:(0, 1)
new merge (32,33)(32,32)    	distance:(0, 1)
new merge (32,35)(32,34)    	distance:(0, 1)
new merge (32,39)(32,38)    	distance:(0, 1)
new merge (32,36)(32,37)    	distance:(0, 1)
new merge (16,6)(16,4)    	distance:(0, 2)
new merge (33,1)(33,0)    	distance:(0, 1)
new merge (33,4)(33,5)    	distance:(0, 1)
new merge (33,3)(33,2)    	distance:(0, 1)
new merge (33,6)(33,7)    	distance:(0, 1)
new merge (33,9)(33,8)    	distance:(0, 1)
new merge (33,11)(33,10)    	distance:(0, 1)
new merge (33,14)(33,15)    	distance:(0, 1)
new merge (33,13)(33,12)    	distance:(0, 1)
new merge (16,10)(16,8)    	distance:(0, 2)
new merge (33,16)(33,17)    	distance:(0, 1)
new merge (33,19)(33,18)    	distance:(0, 1)
new merge (33,20)(33,21)    	distance:(0, 1)
new merge (33,23)(33,22)    	distance:(0, 1)
new merge (33,25)(33,24)    	distance:(0, 1)
new merge (33,27)(33,26)    	distance:(0, 1)
new merge (33,28)(33,29)    	distance:(0, 1)
new merge (33,31)(33,30)    	distance:(0, 1)
new merge (16,12)(16,14)    	distance:(0, 2)
new merge (33,32)(33,33)    	distance:(0, 1)
new merge (33,35)(33,34)    	distance:(0, 1)
new merge (16,18)(16,16)    	distance:(0, 2)
new merge (33,36)(33,37)    	distance:(0, 1)
new merge (33,39)(33,38)    	distance:(0, 1)
new merge (34,1)(34,0)    	distance:(0, 1)
new merge (34,3)(34,2)    	distance:(0, 1)
new merge (8,4)(8,0)    	distance:(0, 4)
new merge (34,5)(34,4)    	distance:(0, 1)
new merge (16,22)(16,20)    	distance:(0, 2)
new merge (34,7)(34,6)    	distance:(0, 1)
new merge (34,8)(34,9)    	distance:(0, 1)
new merge (34,11)(34,10)    	distance:(0, 1)
new merge (34,15)(34,14)    	distance:(0, 1)
new merge (34,12)(34,13)    	distance:(0, 1)
new merge (34,17)(34,16)    	distance:(0, 1)
new merge (34,19)(34,18)    	distance:(0, 1)
new merge (8,12)(8,8)    	distance:(0, 4)
new merge (34,21)(34,20)    	distance:(0, 1)
new merge (34,23)(34,22)    	distance:(0, 1)
new merge (34,25)(34,24)    	distance:(0, 1)
new merge (34,29)(34,28)    	distance:(0, 1)
new merge (34,27)(34,26)    	distance:(0, 1)
new merge (16,24)(16,26)    	distance:(0, 2)
new merge (34,31)(34,30)    	distance:(0, 1)
new merge (34,33)(34,32)    	distance:(0, 1)
new merge (34,35)(34,34)    	distance:(0, 1)
new merge (34,38)(34,39)    	distance:(0, 1)
new merge (34,36)(34,37)    	distance:(0, 1)
new merge (35,1)(35,0)    	distance:(0, 1)
new merge (35,3)(35,2)    	distance:(0, 1)
new merge (8,20)(8,16)    	distance:(0, 4)
new merge (35,5)(35,4)    	distance:(0, 1)
new merge (35,8)(35,9)    	distance:(0, 1)
new merge (35,7)(35,6)    	distance:(0, 1)
new merge (35,11)(35,10)    	distance:(0, 1)
new merge (35,12)(35,13)    	distance:(0, 1)
new merge (16,30)(16,28)    	distance:(0, 2)
new merge (35,16)(35,17)    	distance:(0, 1)
new merge (16,34)(16,32)    	distance:(0, 2)
new merge (35,15)(35,14)    	distance:(0, 1)
new merge (35,19)(35,18)    	distance:(0, 1)
new merge (35,20)(35,21)    	distance:(0, 1)
new merge (35,23)(35,22)    	distance:(0, 1)
new merge (35,25)(35,24)    	distance:(0, 1)
new merge (35,27)(35,26)    	distance:(0, 1)
new merge (35,28)(35,29)    	distance:(0, 1)
new merge (4,8)(4,0)    	distance:(0, 8)
new merge (35,33)(35,32)    	distance:(0, 1)
new merge (35,31)(35,30)    	distance:(0, 1)
new merge (16,36)(16,38)    	distance:(0, 2)
new merge (35,34)(35,35)    	distance:(0, 1)
new merge (35,36)(35,37)    	distance:(0, 1)
new merge (35,38)(35,39)    	distance:(0, 1)
new merge (36,5)(36,4)    	distance:(0, 1)
new merge (36,1)(36,0)    	distance:(0, 1)
new merge (36,2)(36,3)    	distance:(0, 1)
new merge (36,7)(36,6)    	distance:(0, 1)
new merge (36,8)(36,9)    	distance:(0, 1)
new merge (36,10)(36,11)    	distance:(0, 1)
new merge (36,13)(36,12)    	distance:(0, 1)
new merge (17,2)(17,0)    	distance:(0, 2)
new merge (36,15)(36,14)    	distance:(0, 1)
new merge (36,16)(36,17)    	distance:(0, 1)
new merge (36,18)(36,19)    	distance:(0, 1)
new merge (36,21)(36,20)    	distance:(0, 1)
new merge (36,23)(36,22)    	distance:(0, 1)
new merge (36,25)(36,24)    	distance:(0, 1)
new merge (36,27)(36,26)    	distance:(0, 1)
new merge (36,29)(36,28)    	distance:(0, 1)
new merge (36,30)(36,31)    	distance:(0, 1)
new merge (36,32)(36,33)    	distance:(0, 1)
new merge (36,35)(36,34)    	distance:(0, 1)
new merge (36,37)(36,36)    	distance:(0, 1)
new merge (37,1)(37,0)    	distance:(0, 1)
new merge (36,38)(36,39)    	distance:(0, 1)
new merge (17,6)(17,4)    	distance:(0, 2)
new merge (37,5)(37,4)    	distance:(0, 1)
new merge (37,2)(37,3)    	distance:(0, 1)
new merge (37,7)(37,6)    	distance:(0, 1)
new merge (17,14)(17,12)    	distance:(0, 2)
new merge (17,10)(17,8)    	distance:(0, 2)
new merge (37,9)(37,8)    	distance:(0, 1)
new merge (17,18)(17,16)    	distance:(0, 2)
new merge (37,11)(37,10)    	distance:(0, 1)
new merge (37,13)(37,12)    	distance:(0, 1)
new merge (37,14)(37,15)    	distance:(0, 1)
new merge (37,17)(37,16)    	distance:(0, 1)
new merge (37,19)(37,18)    	distance:(0, 1)
new merge (37,21)(37,20)    	distance:(0, 1)
new merge (37,25)(37,24)    	distance:(0, 1)
new merge (37,23)(37,22)    	distance:(0, 1)
new merge (37,27)(37,26)    	distance:(0, 1)
new merge (37,31)(37,30)    	distance:(0, 1)
new merge (37,29)(37,28)    	distance:(0, 1)
new merge (8,28)(8,24)    	distance:(0, 4)
new merge (37,33)(37,32)    	distance:(0, 1)
new merge (17,22)(17,20)    	distance:(0, 2)
new merge (37,35)(37,34)    	distance:(0, 1)
new merge (37,37)(37,36)    	distance:(0, 1)
new merge (37,39)(37,38)    	distance:(0, 1)
new merge (17,24)(17,26)    	distance:(0, 2)
new merge (38,1)(38,0)    	distance:(0, 1)
new merge (38,3)(38,2)    	distance:(0, 1)
new merge (38,5)(38,4)    	distance:(0, 1)
new merge (38,7)(38,6)    	distance:(0, 1)
new merge (38,9)(38,8)    	distance:(0, 1)
new merge (38,10)(38,11)    	distance:(0, 1)
new merge (38,15)(38,14)    	distance:(0, 1)
new merge (17,30)(17,28)    	distance:(0, 2)
new merge (38,12)(38,13)    	distance:(0, 1)
new merge (38,17)(38,16)    	distance:(0, 1)
new merge (38,19)(38,18)    	distance:(0, 1)
new merge (8,36)(8,32)    	distance:(0, 4)
new merge (38,21)(38,20)    	distance:(0, 1)
new merge (38,23)(38,22)    	distance:(0, 1)
new merge (38,27)(38,26)    	distance:(0, 1)
new merge (38,25)(38,24)    	distance:(0, 1)
new merge (38,28)(38,29)    	distance:(0, 1)
new merge (17,32)(17,34)    	distance:(0, 2)
new merge (38,31)(38,30)    	distance:(0, 1)
new merge (17,36)(17,38)    	distance:(0, 2)
new merge (9,4)(9,0)    	distance:(0, 4)
new merge (38,33)(38,32)    	distance:(0, 1)
new merge (38,36)(38,37)    	distance:(0, 1)
new merge (38,35)(38,34)    	distance:(0, 1)
new merge (38,39)(38,38)    	distance:(0, 1)
new merge (4,24)(4,16)    	distance:(0, 8)
new merge (39,0)(39,1)    	distance:(0, 1)
new merge (39,2)(39,3)    	distance:(0, 1)
new merge (18,0)(18,2)    	distance:(0, 2)
new merge (39,5)(39,4)    	distance:(0, 1)
new merge (39,6)(39,7)    	distance:(0, 1)
new merge (39,9)(39,8)    	distance:(0, 1)
new merge (39,11)(39,10)    	distance:(0, 1)
new merge (39,16)(39,17)    	distance:(0, 1)
new merge (39,13)(39,12)    	distance:(0, 1)
new merge (39,15)(39,14)    	distance:(0, 1)
new merge (18,6)(18,4)    	distance:(0, 2)
new merge (39,20)(39,21)    	distance:(0, 1)
new merge (39,19)(39,18)    	distance:(0, 1)
new merge (39,22)(39,23)    	distance:(0, 1)
new merge (39,24)(39,25)    	distance:(0, 1)
new merge (39,26)(39,27)    	distance:(0, 1)
new merge (39,29)(39,28)    	distance:(0, 1)
new merge (39,31)(39,30)    	distance:(0, 1)
new merge (39,35)(39,34)    	distance:(0, 1)
new merge (9,12)(9,8)    	distance:(0, 4)
new merge (39,33)(39,32)    	distance:(0, 1)
new merge (39,37)(39,36)    	distance:(0, 1)
new merge (18,10)(18,8)    	distance:(0, 2)
new merge (39,39)(39,38)    	distance:(0, 1)
new merge (18,14)(18,12)    	distance:(0, 2)
new merge (18,18)(18,16)    	distance:(0, 2)
new merge (18,28)(18,30)    	distance:(0, 2)
new merge (18,22)(18,20)    	distance:(0, 2)
new merge (18,26)(18,24)    	distance:(0, 2)
new merge (18,34)(18,32)    	distance:(0, 2)
new merge (19,2)(19,0)    	distance:(0, 2)
new merge (19,4)(19,6)    	distance:(0, 2)
new merge (18,38)(18,36)    	distance:(0, 2)
new merge (9,16)(9,20)    	distance:(0, 4)
new merge (19,10)(19,8)    	distance:(0, 2)
new merge (19,14)(19,12)    	distance:(0, 2)
new merge (19,16)(19,18)    	distance:(0, 2)
new merge (9,32)(9,36)    	distance:(0, 4)
new merge (19,22)(19,20)    	distance:(0, 2)
new merge (9,24)(9,28)    	distance:(0, 4)
new merge (10,0)(10,4)    	distance:(0, 4)
new merge (19,26)(19,24)    	distance:(0, 2)
new merge (19,30)(19,28)    	distance:(0, 2)
new merge (19,34)(19,32)    	distance:(0, 2)
new merge (19,38)(19,36)    	distance:(0, 2)
new merge (20,6)(20,4)    	distance:(0, 2)
new merge (10,8)(10,12)    	distance:(0, 4)
new merge (20,2)(20,0)    	distance:(0, 2)
new merge (20,8)(20,10)    	distance:(0, 2)
new merge (20,14)(20,12)    	distance:(0, 2)
new merge (20,18)(20,16)    	distance:(0, 2)
new merge (10,16)(10,20)    	distance:(0, 4)
new merge (20,22)(20,20)    	distance:(0, 2)
new merge (5,8)(5,0)    	distance:(0, 8)
new merge (10,36)(10,32)    	distance:(0, 4)
new merge (10,24)(10,28)    	distance:(0, 4)
new merge (20,26)(20,24)    	distance:(0, 2)
new merge (20,32)(20,34)    	distance:(0, 2)
new merge (20,30)(20,28)    	distance:(0, 2)
new merge (20,36)(20,38)    	distance:(0, 2)
new merge (21,2)(21,0)    	distance:(0, 2)
new merge (21,6)(21,4)    	distance:(0, 2)
new merge (11,4)(11,0)    	distance:(0, 4)
new merge (11,12)(11,8)    	distance:(0, 4)
new merge (2,16)(2,0)    	distance:(0, 16)
new merge (21,8)(21,10)    	distance:(0, 2)
new merge (21,14)(21,12)    	distance:(0, 2)
new merge (21,18)(21,16)    	distance:(0, 2)
new merge (21,20)(21,22)    	distance:(0, 2)
new merge (21,26)(21,24)    	distance:(0, 2)
new merge (21,38)(21,36)    	distance:(0, 2)
new merge (11,20)(11,16)    	distance:(0, 4)
new merge (22,2)(22,0)    	distance:(0, 2)
new merge (21,32)(21,34)    	distance:(0, 2)
new merge (5,24)(5,16)    	distance:(0, 8)
new merge (21,30)(21,28)    	distance:(0, 2)
new merge (22,6)(22,4)    	distance:(0, 2)
new merge (11,24)(11,28)    	distance:(0, 4)
new merge (22,14)(22,12)    	distance:(0, 2)
new merge (11,32)(11,36)    	distance:(0, 4)
new merge (22,8)(22,10)    	distance:(0, 2)
new merge (12,4)(12,0)    	distance:(0, 4)
new merge (22,30)(22,28)    	distance:(0, 2)
new merge (22,20)(22,22)    	distance:(0, 2)
new merge (22,18)(22,16)    	distance:(0, 2)
new merge (22,24)(22,26)    	distance:(0, 2)
new merge (22,38)(22,36)    	distance:(0, 2)
new merge (22,32)(22,34)    	distance:(0, 2)
new merge (23,0)(23,2)    	distance:(0, 2)
new merge (23,6)(23,4)    	distance:(0, 2)
new merge (12,12)(12,8)    	distance:(0, 4)
new merge (23,8)(23,10)    	distance:(0, 2)
new merge (23,12)(23,14)    	distance:(0, 2)
new merge (23,22)(23,20)    	distance:(0, 2)
new merge (23,18)(23,16)    	distance:(0, 2)
new merge (23,30)(23,28)    	distance:(0, 2)
new merge (23,38)(23,36)    	distance:(0, 2)
new merge (23,34)(23,32)    	distance:(0, 2)
new merge (23,24)(23,26)    	distance:(0, 2)
new merge (12,16)(12,20)    	distance:(0, 4)
new merge (24,2)(24,0)    	distance:(0, 2)
new merge (24,6)(24,4)    	distance:(0, 2)
new merge (24,10)(24,8)    	distance:(0, 2)
new merge (12,28)(12,24)    	distance:(0, 4)
new merge (24,14)(24,12)    	distance:(0, 2)
new merge (24,18)(24,16)    	distance:(0, 2)
new merge (12,36)(12,32)    	distance:(0, 4)
new merge (24,22)(24,20)    	distance:(0, 2)
new merge (24,26)(24,24)    	distance:(0, 2)
new merge (24,38)(24,36)    	distance:(0, 2)
new merge (24,30)(24,28)    	distance:(0, 2)
new merge (25,6)(25,4)    	distance:(0, 2)
new merge (24,34)(24,32)    	distance:(0, 2)
new merge (25,2)(25,0)    	distance:(0, 2)
new merge (13,4)(13,0)    	distance:(0, 4)
new merge (25,8)(25,10)    	distance:(0, 2)
new merge (25,14)(25,12)    	distance:(0, 2)
new merge (25,18)(25,16)    	distance:(0, 2)
new merge (25,22)(25,20)    	distance:(0, 2)
new merge (25,38)(25,36)    	distance:(0, 2)
new merge (25,30)(25,28)    	distance:(0, 2)
new merge (25,26)(25,24)    	distance:(0, 2)
new merge (25,32)(25,34)    	distance:(0, 2)
new merge (26,6)(26,4)    	distance:(0, 2)
new merge (13,12)(13,8)    	distance:(0, 4)
new merge (26,2)(26,0)    	distance:(0, 2)
new merge (26,8)(26,10)    	distance:(0, 2)
new merge (26,22)(26,20)    	distance:(0, 2)
new merge (26,16)(26,18)    	distance:(0, 2)
new merge (26,14)(26,12)    	distance:(0, 2)
new merge (6,8)(6,0)    	distance:(0, 8)
new merge (26,26)(26,24)    	distance:(0, 2)
new merge (13,20)(13,16)    	distance:(0, 4)
new merge (26,30)(26,28)    	distance:(0, 2)
new merge (13,24)(13,28)    	distance:(0, 4)
new merge (26,32)(26,34)    	distance:(0, 2)
new merge (13,36)(13,32)    	distance:(0, 4)
new merge (27,6)(27,4)    	distance:(0, 2)
new merge (26,36)(26,38)    	distance:(0, 2)
new merge (27,2)(27,0)    	distance:(0, 2)
new merge (27,20)(27,22)    	distance:(0, 2)
new merge (27,14)(27,12)    	distance:(0, 2)
new merge (27,18)(27,16)    	distance:(0, 2)
new merge (27,8)(27,10)    	distance:(0, 2)
new merge (27,26)(27,24)    	distance:(0, 2)
new merge (14,4)(14,0)    	distance:(0, 4)
new merge (6,24)(6,16)    	distance:(0, 8)
new merge (27,28)(27,30)    	distance:(0, 2)
new merge (3,16)(3,0)    	distance:(0, 16)
new merge (27,34)(27,32)    	distance:(0, 2)
new merge (27,38)(27,36)    	distance:(0, 2)
new merge (28,0)(28,2)    	distance:(0, 2)
new merge (28,6)(28,4)    	distance:(0, 2)
new merge (14,12)(14,8)    	distance:(0, 4)
new merge (28,18)(28,16)    	distance:(0, 2)
new merge (28,14)(28,12)    	distance:(0, 2)
new merge (28,10)(28,8)    	distance:(0, 2)
new merge (28,22)(28,20)    	distance:(0, 2)
new merge (1,0)(1,32)    	distance:(0, 32)
new merge (28,26)(28,24)    	distance:(0, 2)
new merge (14,24)(14,28)    	distance:(0, 4)
new merge (28,28)(28,30)    	distance:(0, 2)
new merge (28,32)(28,34)    	distance:(0, 2)
new merge (14,20)(14,16)    	distance:(0, 4)
new merge (28,38)(28,36)    	distance:(0, 2)
new merge (14,32)(14,36)    	distance:(0, 4)
new merge (29,0)(29,2)    	distance:(0, 2)
new merge (29,6)(29,4)    	distance:(0, 2)
new merge (29,14)(29,12)    	distance:(0, 2)
new merge (29,16)(29,18)    	distance:(0, 2)
new merge (29,24)(29,26)    	distance:(0, 2)
new merge (29,20)(29,22)    	distance:(0, 2)
new merge (29,10)(29,8)    	distance:(0, 2)
new merge (29,28)(29,30)    	distance:(0, 2)
new merge (29,36)(29,38)    	distance:(0, 2)
new merge (29,34)(29,32)    	distance:(0, 2)
new merge (30,2)(30,0)    	distance:(0, 2)
new merge (30,6)(30,4)    	distance:(0, 2)
new merge (30,8)(30,10)    	distance:(0, 2)
new merge (30,14)(30,12)    	distance:(0, 2)
new merge (30,18)(30,16)    	distance:(0, 2)
new merge (15,4)(15,0)    	distance:(0, 4)
new merge (30,22)(30,20)    	distance:(0, 2)
new merge (30,26)(30,24)    	distance:(0, 2)
new merge (15,12)(15,8)    	distance:(0, 4)
new merge (30,30)(30,28)    	distance:(0, 2)
new merge (30,34)(30,32)    	distance:(0, 2)
new merge (30,38)(30,36)    	distance:(0, 2)
new merge (31,2)(31,0)    	distance:(0, 2)
new merge (7,8)(7,0)    	distance:(0, 8)
new merge (31,6)(31,4)    	distance:(0, 2)
new merge (31,10)(31,8)    	distance:(0, 2)
new merge (31,18)(31,16)    	distance:(0, 2)
new merge (31,14)(31,12)    	distance:(0, 2)
new merge (31,20)(31,22)    	distance:(0, 2)
new merge (31,26)(31,24)    	distance:(0, 2)
new merge (15,20)(15,16)    	distance:(0, 4)
new merge (31,34)(31,32)    	distance:(0, 2)
new merge (31,30)(31,28)    	distance:(0, 2)
new merge (7,24)(7,16)    	distance:(0, 8)
new merge (31,38)(31,36)    	distance:(0, 2)
new merge (32,2)(32,0)    	distance:(0, 2)
new merge (32,6)(32,4)    	distance:(0, 2)
new merge (15,24)(15,28)    	distance:(0, 4)
new merge (32,10)(32,8)    	distance:(0, 2)
new merge (32,18)(32,16)    	distance:(0, 2)
new merge (32,12)(32,14)    	distance:(0, 2)
new merge (32,26)(32,24)    	distance:(0, 2)
new merge (32,22)(32,20)    	distance:(0, 2)
new merge (15,32)(15,36)    	distance:(0, 4)
new merge (32,30)(32,28)    	distance:(0, 2)
new merge (32,38)(32,36)    	distance:(0, 2)
new merge (16,4)(16,0)    	distance:(0, 4)
new merge (32,32)(32,34)    	distance:(0, 2)
new merge (33,2)(33,0)    	distance:(0, 2)
new merge (33,4)(33,6)    	distance:(0, 2)
new merge (33,8)(33,10)    	distance:(0, 2)
new merge (33,12)(33,14)    	distance:(0, 2)
new merge (33,18)(33,16)    	distance:(0, 2)
new merge (33,22)(33,20)    	distance:(0, 2)
new merge (33,26)(33,24)    	distance:(0, 2)
new merge (33,30)(33,28)    	distance:(0, 2)
new merge (33,32)(33,34)    	distance:(0, 2)
new merge (33,38)(33,36)    	distance:(0, 2)
new merge (34,0)(34,2)    	distance:(0, 2)
new merge (16,12)(16,8)    	distance:(0, 4)
new merge (34,4)(34,6)    	distance:(0, 2)
new merge (34,12)(34,14)    	distance:(0, 2)
new merge (34,8)(34,10)    	distance:(0, 2)
new merge (34,18)(34,16)    	distance:(0, 2)
new merge (16,20)(16,16)    	distance:(0, 4)
new merge (34,20)(34,22)    	distance:(0, 2)
new merge (34,26)(34,24)    	distance:(0, 2)
new merge (34,30)(34,28)    	distance:(0, 2)
new merge (34,38)(34,36)    	distance:(0, 2)
new merge (35,2)(35,0)    	distance:(0, 2)
new merge (35,6)(35,4)    	distance:(0, 2)
new merge (34,32)(34,34)    	distance:(0, 2)
new merge (35,10)(35,8)    	distance:(0, 2)
new merge (35,14)(35,12)    	distance:(0, 2)
new merge (35,18)(35,16)    	distance:(0, 2)
new merge (35,20)(35,22)    	distance:(0, 2)
new merge (16,28)(16,24)    	distance:(0, 4)
new merge (8,8)(8,0)    	distance:(0, 8)
new merge (35,26)(35,24)    	distance:(0, 2)
new merge (35,30)(35,28)    	distance:(0, 2)
new merge (35,38)(35,36)    	distance:(0, 2)
new merge (36,0)(36,2)    	distance:(0, 2)
new merge (35,32)(35,34)    	distance:(0, 2)
new merge (36,6)(36,4)    	distance:(0, 2)
new merge (16,36)(16,32)    	distance:(0, 4)
new merge (36,10)(36,8)    	distance:(0, 2)
new merge (36,12)(36,14)    	distance:(0, 2)
new merge (36,18)(36,16)    	distance:(0, 2)
new merge (36,22)(36,20)    	distance:(0, 2)
new merge (36,26)(36,24)    	distance:(0, 2)
new merge (36,30)(36,28)    	distance:(0, 2)
new merge (17,4)(17,0)    	distance:(0, 4)
new merge (36,38)(36,36)    	distance:(0, 2)
new merge (37,6)(37,4)    	distance:(0, 2)
new merge (37,2)(37,0)    	distance:(0, 2)
new merge (36,34)(36,32)    	distance:(0, 2)
new merge (37,10)(37,8)    	distance:(0, 2)
new merge (17,8)(17,12)    	distance:(0, 4)
new merge (37,12)(37,14)    	distance:(0, 2)
new merge (37,18)(37,16)    	distance:(0, 2)
new merge (37,20)(37,22)    	distance:(0, 2)
new merge (37,24)(37,26)    	distance:(0, 2)
new merge (37,30)(37,28)    	distance:(0, 2)
new merge (37,38)(37,36)    	distance:(0, 2)
new merge (8,24)(8,16)    	distance:(0, 8)
new merge (38,2)(38,0)    	distance:(0, 2)
new merge (38,4)(38,6)    	distance:(0, 2)
new merge (17,20)(17,16)    	distance:(0, 4)
new merge (37,34)(37,32)    	distance:(0, 2)
new merge (38,12)(38,14)    	distance:(0, 2)
new merge (38,10)(38,8)    	distance:(0, 2)
new merge (38,18)(38,16)    	distance:(0, 2)
new merge (38,22)(38,20)    	distance:(0, 2)
new merge (38,30)(38,28)    	distance:(0, 2)
new merge (38,24)(38,26)    	distance:(0, 2)
new merge (17,28)(17,24)    	distance:(0, 4)
new merge (38,38)(38,36)    	distance:(0, 2)
new merge (38,34)(38,32)    	distance:(0, 2)
new merge (39,2)(39,0)    	distance:(0, 2)
new merge (17,32)(17,36)    	distance:(0, 4)
new merge (39,10)(39,8)    	distance:(0, 2)
new merge (39,4)(39,6)    	distance:(0, 2)
new merge (39,14)(39,12)    	distance:(0, 2)
new merge (39,18)(39,16)    	distance:(0, 2)
new merge (39,22)(39,20)    	distance:(0, 2)
new merge (18,4)(18,0)    	distance:(0, 4)
new merge (39,26)(39,24)    	distance:(0, 2)
new merge (39,30)(39,28)    	distance:(0, 2)
new merge (39,32)(39,34)    	distance:(0, 2)
new merge (39,36)(39,38)    	distance:(0, 2)
new merge (4,16)(4,0)    	distance:(0, 16)
new merge (18,8)(18,12)    	distance:(0, 4)
new merge (18,20)(18,16)    	distance:(0, 4)
new merge (18,24)(18,28)    	distance:(0, 4)
new merge (9,8)(9,0)    	distance:(0, 8)
new merge (19,0)(19,4)    	distance:(0, 4)
new merge (18,36)(18,32)    	distance:(0, 4)
new merge (19,20)(19,16)    	distance:(0, 4)
new merge (19,12)(19,8)    	distance:(0, 4)
new merge (19,28)(19,24)    	distance:(0, 4)
new merge (9,24)(9,16)    	distance:(0, 8)
new merge (19,32)(19,36)    	distance:(0, 4)
new merge (20,0)(20,4)    	distance:(0, 4)
new merge (10,8)(10,0)    	distance:(0, 8)
new merge (20,12)(20,8)    	distance:(0, 4)
new merge (20,16)(20,20)    	distance:(0, 4)
new merge (20,36)(20,32)    	distance:(0, 4)
new merge (21,4)(21,0)    	distance:(0, 4)
new merge (20,28)(20,24)    	distance:(0, 4)
new merge (10,24)(10,16)    	distance:(0, 8)
new merge (11,0)(11,8)    	distance:(0, 8)
new merge (21,8)(21,12)    	distance:(0, 4)
new merge (2,0)(2,32)    	distance:(0, 32)
new merge (22,4)(22,0)    	distance:(0, 4)
new merge (21,28)(21,24)    	distance:(0, 4)
new merge (21,32)(21,36)    	distance:(0, 4)
new merge (11,24)(11,16)    	distance:(0, 8)
new merge (22,8)(22,12)    	distance:(0, 4)
new merge (21,16)(21,20)    	distance:(0, 4)
new merge (22,24)(22,28)    	distance:(0, 4)
new merge (23,4)(23,0)    	distance:(0, 4)
new merge (22,32)(22,36)    	distance:(0, 4)
new merge (5,16)(5,0)    	distance:(0, 16)
new merge (23,8)(23,12)    	distance:(0, 4)
new merge (23,16)(23,20)    	distance:(0, 4)
new merge (12,8)(12,0)    	distance:(0, 8)
new merge (22,16)(22,20)    	distance:(0, 4)
new merge (24,4)(24,0)    	distance:(0, 4)
new merge (23,32)(23,36)    	distance:(0, 4)
new merge (24,12)(24,8)    	distance:(0, 4)
new merge (12,24)(12,16)    	distance:(0, 8)
new merge (23,24)(23,28)    	distance:(0, 4)
new merge (24,20)(24,16)    	distance:(0, 4)
new merge (24,28)(24,24)    	distance:(0, 4)
new merge (25,0)(25,4)    	distance:(0, 4)
new merge (24,32)(24,36)    	distance:(0, 4)
new merge (25,16)(25,20)    	distance:(0, 4)
new merge (25,8)(25,12)    	distance:(0, 4)
new merge (25,24)(25,28)    	distance:(0, 4)
new merge (26,0)(26,4)    	distance:(0, 4)
new merge (25,32)(25,36)    	distance:(0, 4)
new merge (26,16)(26,20)    	distance:(0, 4)
new merge (26,12)(26,8)    	distance:(0, 4)
new merge (13,8)(13,0)    	distance:(0, 8)
new merge (26,28)(26,24)    	distance:(0, 4)
new merge (27,4)(27,0)    	distance:(0, 4)
new merge (26,36)(26,32)    	distance:(0, 4)
new merge (13,16)(13,24)    	distance:(0, 8)
new merge (27,16)(27,20)    	distance:(0, 4)
new merge (27,8)(27,12)    	distance:(0, 4)
new merge (27,28)(27,24)    	distance:(0, 4)
new merge (28,4)(28,0)    	distance:(0, 4)
new merge (27,32)(27,36)    	distance:(0, 4)
new merge (14,8)(14,0)    	distance:(0, 8)
new merge (28,20)(28,16)    	distance:(0, 4)
new merge (28,8)(28,12)    	distance:(0, 4)
new merge (3,0)(3,32)    	distance:(0, 32)
new merge (28,28)(28,24)    	distance:(0, 4)
new merge (6,16)(6,0)    	distance:(0, 16)
new merge (14,16)(14,24)    	distance:(0, 8)
new merge (28,36)(28,32)    	distance:(0, 4)
new merge (29,0)(29,4)    	distance:(0, 4)
new merge (29,20)(29,16)    	distance:(0, 4)
new merge (29,28)(29,24)    	distance:(0, 4)
new merge (29,8)(29,12)    	distance:(0, 4)
new merge (29,32)(29,36)    	distance:(0, 4)
new merge (30,8)(30,12)    	distance:(0, 4)
new merge (30,4)(30,0)    	distance:(0, 4)
new merge (30,20)(30,16)    	distance:(0, 4)
new merge (30,28)(30,24)    	distance:(0, 4)
new merge (30,36)(30,32)    	distance:(0, 4)
new merge (31,4)(31,0)    	distance:(0, 4)
new merge (31,20)(31,16)    	distance:(0, 4)
new merge (31,8)(31,12)    	distance:(0, 4)
new merge (15,8)(15,0)    	distance:(0, 8)
new merge (31,28)(31,24)    	distance:(0, 4)
new merge (31,36)(31,32)    	distance:(0, 4)
new merge (32,4)(32,0)    	distance:(0, 4)
new merge (7,16)(7,0)    	distance:(0, 16)
new merge (15,24)(15,16)    	distance:(0, 8)
new merge (32,12)(32,8)    	distance:(0, 4)
new merge (32,20)(32,16)    	distance:(0, 4)
new merge (33,0)(33,4)    	distance:(0, 4)
new merge (32,28)(32,24)    	distance:(0, 4)
new merge (33,20)(33,16)    	distance:(0, 4)
new merge (32,32)(32,36)    	distance:(0, 4)
new merge (33,8)(33,12)    	distance:(0, 4)
new merge (33,28)(33,24)    	distance:(0, 4)
new merge (33,32)(33,36)    	distance:(0, 4)
new merge (34,4)(34,0)    	distance:(0, 4)
new merge (34,12)(34,8)    	distance:(0, 4)
new merge (34,20)(34,16)    	distance:(0, 4)
new merge (16,8)(16,0)    	distance:(0, 8)
new merge (34,24)(34,28)    	distance:(0, 4)
new merge (35,4)(35,0)    	distance:(0, 4)
new merge (35,8)(35,12)    	distance:(0, 4)
new merge (35,20)(35,16)    	distance:(0, 4)
new merge (35,28)(35,24)    	distance:(0, 4)
new merge (34,32)(34,36)    	distance:(0, 4)
new merge (35,32)(35,36)    	distance:(0, 4)
new merge (36,0)(36,4)    	distance:(0, 4)
new merge (16,24)(16,16)    	distance:(0, 8)
new merge (36,12)(36,8)    	distance:(0, 4)
new merge (36,20)(36,16)    	distance:(0, 4)
new merge (36,24)(36,28)    	distance:(0, 4)
new merge (37,0)(37,4)    	distance:(0, 4)
new merge (36,32)(36,36)    	distance:(0, 4)
new merge (37,12)(37,8)    	distance:(0, 4)
new merge (37,28)(37,24)    	distance:(0, 4)
new merge (37,20)(37,16)    	distance:(0, 4)
new merge (17,8)(17,0)    	distance:(0, 8)
new merge (37,32)(37,36)    	distance:(0, 4)
new merge (38,8)(38,12)    	distance:(0, 4)
new merge (38,4)(38,0)    	distance:(0, 4)
new merge (38,20)(38,16)    	distance:(0, 4)
new merge (38,24)(38,28)    	distance:(0, 4)
new merge (38,32)(38,36)    	distance:(0, 4)
new merge (39,20)(39,16)    	distance:(0, 4)
new merge (39,4)(39,0)    	distance:(0, 4)
new merge (39,12)(39,8)    	distance:(0, 4)
new merge (17,24)(17,16)    	distance:(0, 8)
new merge (39,28)(39,24)    	distance:(0, 4)
new merge (39,36)(39,32)    	distance:(0, 4)
new merge (8,16)(8,0)    	distance:(0, 16)
new merge (18,8)(18,0)    	distance:(0, 8)
new merge (18,24)(18,16)    	distance:(0, 8)
new merge (19,24)(19,16)    	distance:(0, 8)
new merge (19,8)(19,0)    	distance:(0, 8)
new merge (4,0)(4,32)    	distance:(0, 32)
new merge (20,8)(20,0)    	distance:(0, 8)
new merge (9,16)(9,0)    	distance:(0, 16)
new merge (20,24)(20,16)    	distance:(0, 8)
new merge (21,8)(21,0)    	distance:(0, 8)
new merge (10,16)(10,0)    	distance:(0, 16)
new merge (22,8)(22,0)    	distance:(0, 8)
new merge (11,16)(11,0)    	distance:(0, 16)
new merge (21,16)(21,24)    	distance:(0, 8)
new merge (23,8)(23,0)    	distance:(0, 8)
new merge (5,0)(5,32)    	distance:(0, 32)
new merge (22,16)(22,24)    	distance:(0, 8)
new merge (24,8)(24,0)    	distance:(0, 8)
new merge (23,24)(23,16)    	distance:(0, 8)
new merge (12,16)(12,0)    	distance:(0, 16)
new merge (24,24)(24,16)    	distance:(0, 8)
new merge (25,8)(25,0)    	distance:(0, 8)
new merge (26,8)(26,0)    	distance:(0, 8)
new merge (25,24)(25,16)    	distance:(0, 8)
new merge (26,24)(26,16)    	distance:(0, 8)
new merge (27,8)(27,0)    	distance:(0, 8)
new merge (13,0)(13,16)    	distance:(0, 16)
new merge (27,24)(27,16)    	distance:(0, 8)
new merge (28,8)(28,0)    	distance:(0, 8)
new merge (28,24)(28,16)    	distance:(0, 8)
new merge (14,16)(14,0)    	distance:(0, 16)
new merge (29,24)(29,16)    	distance:(0, 8)
new merge (3,0)(2,0)    	distance:(1, 0)
new merge (29,8)(29,0)    	distance:(0, 8)
new merge (30,8)(30,0)    	distance:(0, 8)
new merge (6,0)(6,32)    	distance:(0, 32)
new merge (30,24)(30,16)    	distance:(0, 8)
new merge (31,8)(31,0)    	distance:(0, 8)
new merge (31,24)(31,16)    	distance:(0, 8)
new merge (32,8)(32,0)    	distance:(0, 8)
new merge (32,24)(32,16)    	distance:(0, 8)
new merge (33,8)(33,0)    	distance:(0, 8)
new merge (15,16)(15,0)    	distance:(0, 16)
new merge (33,24)(33,16)    	distance:(0, 8)
new merge (34,8)(34,0)    	distance:(0, 8)
new merge (34,24)(34,16)    	distance:(0, 8)
new merge (35,24)(35,16)    	distance:(0, 8)
new merge (35,8)(35,0)    	distance:(0, 8)
new merge (36,24)(36,16)    	distance:(0, 8)
new merge (36,8)(36,0)    	distance:(0, 8)
new merge (7,0)(7,32)    	distance:(0, 32)
new merge (37,16)(37,24)    	distance:(0, 8)
new merge (37,8)(37,0)    	distance:(0, 8)
new merge (16,16)(16,0)    	distance:(0, 16)
new merge (38,24)(38,16)    	distance:(0, 8)
new merge (38,0)(38,8)    	distance:(0, 8)
new merge (39,0)(39,8)    	distance:(0, 8)
new merge (39,24)(39,16)    	distance:(0, 8)
new merge (17,16)(17,0)    	distance:(0, 16)
new merge (18,0)(18,16)    	distance:(0, 16)
new merge (19,0)(19,16)    	distance:(0, 16)
new merge (8,0)(8,32)    	distance:(0, 32)
new merge (20,16)(20,0)    	distance:(0, 16)
new merge (10,0)(10,32)    	distance:(0, 32)
new merge (9,0)(9,32)    	distance:(0, 32)
new merge (23,16)(23,0)    	distance:(0, 16)
new merge (21,16)(21,0)    	distance:(0, 16)
new merge (22,16)(22,0)    	distance:(0, 16)
new merge (11,0)(11,32)    	distance:(0, 32)
new merge (5,0)(4,0)    	distance:(1, 0)
new merge (24,16)(24,0)    	distance:(0, 16)
new merge (25,16)(25,0)    	distance:(0, 16)
new merge (12,0)(12,32)    	distance:(0, 32)
new merge (26,16)(26,0)    	distance:(0, 16)
new merge (27,0)(27,16)    	distance:(0, 16)
new merge (28,0)(28,16)    	distance:(0, 16)
new merge (13,0)(13,32)    	distance:(0, 32)
new merge (29,0)(29,16)    	distance:(0, 16)
new merge (30,16)(30,0)    	distance:(0, 16)
new merge (14,0)(14,32)    	distance:(0, 32)
new merge (31,0)(31,16)    	distance:(0, 16)
new merge (32,0)(32,16)    	distance:(0, 16)
new merge (33,0)(33,16)    	distance:(0, 16)
new merge (34,0)(34,16)    	distance:(0, 16)
new merge (35,0)(35,16)    	distance:(0, 16)
new merge (36,0)(36,16)    	distance:(0, 16)
new merge (37,0)(37,16)    	distance:(0, 16)
new merge (15,0)(15,32)    	distance:(0, 32)
new merge (38,0)(38,16)    	distance:(0, 16)
new merge (39,16)(39,0)    	distance:(0, 16)
new merge (16,0)(16,32)    	distance:(0, 32)
new merge (17,0)(17,32)    	distance:(0, 32)
new merge (7,0)(6,0)    	distance:(1, 0)
new merge (18,0)(18,32)    	distance:(0, 32)
new merge (19,0)(19,32)    	distance:(0, 32)
new merge (20,0)(20,32)    	distance:(0, 32)
new merge (9,0)(8,0)    	distance:(1, 0)
new merge (23,0)(23,32)    	distance:(0, 32)
new merge (21,0)(21,32)    	distance:(0, 32)
new merge (22,0)(22,32)    	distance:(0, 32)
new merge (24,0)(24,32)    	distance:(0, 32)
new merge (25,0)(25,32)    	distance:(0, 32)
new merge (11,0)(10,0)    	distance:(1, 0)
new merge (26,0)(26,32)    	distance:(0, 32)
new merge (28,0)(28,32)    	distance:(0, 32)
new merge (27,0)(27,32)    	distance:(0, 32)
new merge (31,0)(31,32)    	distance:(0, 32)
new merge (30,0)(30,32)    	distance:(0, 32)
new merge (13,0)(12,0)    	distance:(1, 0)
new merge (29,0)(29,32)    	distance:(0, 32)
new merge (32,0)(32,32)    	distance:(0, 32)
new merge (34,0)(34,32)    	distance:(0, 32)
new merge (33,0)(33,32)    	distance:(0, 32)
new merge (35,0)(35,32)    	distance:(0, 32)
new merge (36,0)(36,32)    	distance:(0, 32)
new merge (37,0)(37,32)    	distance:(0, 32)
new merge (38,0)(38,32)    	distance:(0, 32)
new merge (39,0)(39,32)    	distance:(0, 32)
new merge (15,0)(14,0)    	distance:(1, 0)
new merge (16,0)(17,0)    	distance:(1, 0)
new merge (19,0)(18,0)    	distance:(1, 0)
new merge (21,0)(20,0)    	distance:(1, 0)
new merge (22,0)(23,0)    	distance:(1, 0)
new merge (25,0)(24,0)    	distance:(1, 0)
new merge (27,0)(26,0)    	distance:(1, 0)
new merge (30,0)(31,0)    	distance:(1, 0)
new merge (29,0)(28,0)    	distance:(1, 0)
new merge (33,0)(32,0)    	distance:(1, 0)
new merge (35,0)(34,0)    	distance:(1, 0)
new merge (37,0)(36,0)    	distance:(1, 0)
new merge (39,0)(38,0)    	distance:(1, 0)
new merge (8,0)(10,0)    	distance:(2, 0)
new merge (6,0)(4,0)    	distance:(2, 0)
new merge (16,0)(18,0)    	distance:(2, 0)
new merge (24,0)(26,0)    	distance:(2, 0)
new merge (14,0)(12,0)    	distance:(2, 0)
new merge (20,0)(22,0)    	distance:(2, 0)
new merge (28,0)(30,0)    	distance:(2, 0)
new merge (36,0)(38,0)    	distance:(2, 0)
new merge (34,0)(32,0)    	distance:(2, 0)
new merge (28,0)(24,0)    	distance:(4, 0)
new merge (8,0)(12,0)    	distance:(4, 0)
new merge (20,0)(16,0)    	distance:(4, 0)
new merge (36,0)(32,0)    	distance:(4, 0)
new merge (16,0)(24,0)    	distance:(8, 0)

